2021-05-10 23:23:28   INFO [SimpleTests:30  ] : Get chromeDriver
2021-05-10 23:23:28   INFO [SimpleTests:33  ] : Wait seconds: 10
2021-05-10 23:23:29   INFO [SimpleTests:35  ] : browser was opened
2021-06-10 00:01:42   INFO [SimpleTests:30  ] : Get chromeDriver
2021-06-10 00:01:42   INFO [SimpleTests:33  ] : Wait seconds: 10
2021-06-10 00:01:44   INFO [SimpleTests:35  ] : browser was opened
2021-06-10 00:02:07   INFO [SimpleTests:30  ] : Get chromeDriver
2021-06-10 00:02:08   INFO [SimpleTests:33  ] : Wait seconds: 10
2021-06-10 00:02:09   INFO [SimpleTests:35  ] : browser was opened
2021-06-10 00:06:22   INFO [SimpleTests:30  ] : Get chromeDriver
2021-06-10 00:06:23   INFO [SimpleTests:33  ] : Wait seconds: 10
2021-06-10 00:06:25   INFO [SimpleTests:35  ] : browser was opened
2021-06-10 00:07:07   INFO [SimpleTests:30  ] : Get chromeDriver
2021-06-10 00:07:07   INFO [SimpleTests:33  ] : Wait seconds: 10
2021-06-10 00:07:08   INFO [SimpleTests:35  ] : browser was opened
2021-06-10 00:07:08   INFO [SimpleTests:46  ] : log is - title
2021-06-10 00:08:12   INFO [SimpleTests:30  ] : Get chromeDriver
2021-06-10 00:08:12   INFO [SimpleTests:33  ] : Wait seconds: 10
2021-06-10 00:08:14   INFO [SimpleTests:35  ] : browser was opened
2021-06-10 00:08:14   INFO [SimpleTests:46  ] : log is - 
2021-06-10 00:13:22   INFO [SimpleTests:30  ] : Get chromeDriver
2021-06-10 00:13:22   INFO [SimpleTests:33  ] : Wait seconds: 10
2021-06-10 00:13:24   INFO [SimpleTests:35  ] : browser was opened
2021-06-10 00:13:24   INFO [SimpleTests:46  ] : log is - Популярне
2021-06-10 00:15:53   INFO [SimpleTests:30  ] : Get chromeDriver
2021-06-10 00:15:53   INFO [SimpleTests:33  ] : Wait seconds: 10
2021-06-10 00:15:55   INFO [SimpleTests:35  ] : browser was opened
2021-06-10 00:15:55   INFO [SimpleTests:47  ] : log is - Спільнота програмістів | DOU
2021-06-10 00:18:01   INFO [SimpleTests:30  ] : Get chromeDriver
2021-06-10 00:18:01   INFO [SimpleTests:33  ] : Wait seconds: 10
2021-06-10 00:18:03   INFO [SimpleTests:35  ] : browser was opened
2021-06-10 00:24:37   INFO [SimpleTests:30  ] : Get chromeDriver
2021-06-10 00:24:37   INFO [SimpleTests:33  ] : Wait seconds: 10
2021-06-10 00:24:39   INFO [SimpleTests:35  ] : browser was opened
2021-06-10 00:24:40   INFO [SimpleTests:50  ] : podii is Події
2021-06-10 00:31:50   INFO [SimpleTests:30  ] : Get chromeDriver
2021-06-10 00:31:50   INFO [SimpleTests:33  ] : Wait seconds: 10
2021-06-10 00:31:52   INFO [SimpleTests:35  ] : browser was opened
2021-06-10 00:31:54   INFO [SimpleTests:53  ] : rules is Правила пользования вебсайтом
2021-07-10 06:25:09   INFO [SimpleTests:30  ] : Get chromeDriver
2021-07-10 06:25:09   INFO [SimpleTests:33  ] : Wait seconds: 10
2021-07-10 06:25:10   INFO [SimpleTests:35  ] : browser was opened
